2024-12-27 05:42:45,597 ERROR API Error: ['EGeneral:Invalid arguments:volume minimum not met']
2024-12-27 05:42:45,597 INFO Order placed: {'error': ['EGeneral:Invalid arguments:volume minimum not met']}
2024-12-27 05:42:47,119 INFO Subscribed to ownTrades channel.
2024-12-27 05:42:47,119 INFO WebSocket event: {'connectionID': 4572538645373181739, 'event': 'systemStatus', 'status': 'online', 'version': '1.9.5'}
2024-12-27 05:42:47,265 INFO WebSocket event: {'channelName': 'ownTrades', 'event': 'subscriptionStatus', 'status': 'subscribed', 'subscription': {'name': 'ownTrades'}}
2024-12-27 05:42:47,267 INFO WebSocket data received: [[{'T6Z2NH-MDO2X-4IN2YQ': {'cost': '8.68355439', 'fee': '0.03473422', 'margin': '0.00000000', 'ordertxid': 'OXJBW5-JSWEB-KAYRSB', 'ordertype': 'limit', 'pair': 'XRP/USD', 'postxid': 'TKH2SE-M7IF5-CFI7LT', 'price': '2.15158000', 'time': '1735244407.803094', 'type': 'buy', 'vol': '4.03589659'}}, {'TDU27U-BVFHI-G6EEAR': {'cost': '33.55224', 'fee': '0.13421', 'margin': '0.0000000000', 'ordertxid': 'OV7RQV-CJOPV-KR6NGI', 'ordertype': 'limit', 'pair': 'SHIB/USD', 'postxid': 'TKH2SE-M7IF5-CFI7LT', 'price': '0.0000216000', 'time': '1735230879.331770', 'type': 'sell', 'vol': '1553344.59003'}}], 'ownTrades', {'sequence': 1}]
2024-12-27 05:42:47,714 INFO WebSocket event: {'event': 'heartbeat'}
2024-12-27 05:42:48,714 INFO WebSocket event: {'event': 'heartbeat'}
2024-12-27 05:42:49,714 INFO WebSocket event: {'event': 'heartbeat'}
2024-12-27 05:42:50,778 INFO WebSocket event: {'event': 'heartbeat'}
2024-12-27 05:42:51,778 INFO WebSocket event: {'event': 'heartbeat'}
2024-12-27 05:42:52,780 INFO WebSocket event: {'event': 'heartbeat'}
2024-12-27 05:42:53,778 INFO WebSocket event: {'event': 'heartbeat'}
2024-12-27 05:42:54,780 INFO WebSocket event: {'event': 'heartbeat'}
2024-12-27 05:42:55,783 INFO WebSocket event: {'event': 'heartbeat'}
2024-12-27 05:42:56,785 INFO WebSocket event: {'event': 'heartbeat'}
2024-12-27 05:42:57,784 INFO WebSocket event: {'event': 'heartbeat'}
2024-12-27 05:42:58,826 INFO WebSocket event: {'event': 'heartbeat'}
2024-12-27 05:42:59,824 INFO WebSocket event: {'event': 'heartbeat'}
2024-12-27 05:43:00,833 INFO WebSocket event: {'event': 'heartbeat'}
2024-12-27 05:43:01,831 INFO WebSocket event: {'event': 'heartbeat'}
2024-12-27 05:43:02,832 INFO WebSocket event: {'event': 'heartbeat'}
2024-12-27 05:43:03,836 INFO WebSocket event: {'event': 'heartbeat'}
2024-12-27 05:43:04,833 INFO WebSocket event: {'event': 'heartbeat'}
2024-12-27 05:43:05,834 INFO WebSocket event: {'event': 'heartbeat'}
2024-12-27 05:43:06,834 INFO WebSocket event: {'event': 'heartbeat'}
2024-12-27 05:43:07,835 INFO WebSocket event: {'event': 'heartbeat'}
2024-12-27 05:43:08,834 INFO WebSocket event: {'event': 'heartbeat'}
2024-12-27 05:43:09,836 INFO WebSocket event: {'event': 'heartbeat'}
2024-12-27 05:43:10,838 INFO WebSocket event: {'event': 'heartbeat'}
2024-12-27 05:43:11,838 INFO WebSocket event: {'event': 'heartbeat'}
2024-12-27 05:43:12,845 INFO WebSocket event: {'event': 'heartbeat'}
2024-12-27 05:43:13,895 INFO WebSocket event: {'event': 'heartbeat'}
2024-12-27 05:43:14,897 INFO WebSocket event: {'event': 'heartbeat'}
2024-12-27 05:43:15,899 INFO WebSocket event: {'event': 'heartbeat'}
2024-12-27 05:43:16,899 INFO WebSocket event: {'event': 'heartbeat'}
2024-12-27 05:43:17,900 INFO WebSocket event: {'event': 'heartbeat'}
2024-12-27 05:43:18,898 INFO WebSocket event: {'event': 'heartbeat'}
2024-12-27 05:43:19,898 INFO WebSocket event: {'event': 'heartbeat'}
2024-12-27 05:43:20,900 INFO WebSocket event: {'event': 'heartbeat'}
2024-12-27 05:43:21,901 INFO WebSocket event: {'event': 'heartbeat'}
2024-12-27 05:43:22,903 INFO WebSocket event: {'event': 'heartbeat'}
2024-12-27 05:43:23,904 INFO WebSocket event: {'event': 'heartbeat'}
2024-12-27 05:43:24,903 INFO WebSocket event: {'event': 'heartbeat'}
2024-12-27 05:43:25,903 INFO WebSocket event: {'event': 'heartbeat'}
2024-12-27 05:43:26,903 INFO WebSocket event: {'event': 'heartbeat'}
2024-12-27 05:43:27,907 INFO WebSocket event: {'event': 'heartbeat'}
2024-12-27 05:43:28,907 INFO WebSocket event: {'event': 'heartbeat'}
2024-12-27 05:43:29,908 INFO WebSocket event: {'event': 'heartbeat'}
2024-12-27 05:43:30,909 INFO WebSocket event: {'event': 'heartbeat'}
2024-12-27 05:43:31,909 INFO WebSocket event: {'event': 'heartbeat'}
2024-12-27 05:43:32,908 INFO WebSocket event: {'event': 'heartbeat'}
2024-12-27 05:43:33,910 INFO WebSocket event: {'event': 'heartbeat'}
2024-12-27 05:43:34,910 INFO WebSocket event: {'event': 'heartbeat'}
2024-12-27 05:43:35,911 INFO WebSocket event: {'event': 'heartbeat'}
2024-12-27 05:43:36,912 INFO WebSocket event: {'event': 'heartbeat'}
2024-12-27 05:43:37,913 INFO WebSocket event: {'event': 'heartbeat'}
2024-12-27 05:43:39,022 INFO WebSocket event: {'event': 'heartbeat'}
2024-12-27 05:43:40,022 INFO WebSocket event: {'event': 'heartbeat'}
2024-12-27 05:43:41,022 INFO WebSocket event: {'event': 'heartbeat'}
2024-12-27 05:43:42,022 INFO WebSocket event: {'event': 'heartbeat'}
2024-12-27 05:43:43,023 INFO WebSocket event: {'event': 'heartbeat'}
2024-12-27 05:43:44,025 INFO WebSocket event: {'event': 'heartbeat'}
2024-12-27 05:43:45,025 INFO WebSocket event: {'event': 'heartbeat'}
2024-12-27 05:43:45,833 ERROR API Error: ['EGeneral:Invalid arguments:volume minimum not met']
2024-12-27 05:43:45,833 INFO Order placed: {'error': ['EGeneral:Invalid arguments:volume minimum not met']}
2024-12-27 05:43:46,025 INFO WebSocket event: {'event': 'heartbeat'}
2024-12-27 05:43:47,070 INFO WebSocket event: {'event': 'heartbeat'}
2024-12-27 05:43:48,070 INFO WebSocket event: {'event': 'heartbeat'}
2024-12-27 05:43:49,078 INFO WebSocket event: {'event': 'heartbeat'}
2024-12-27 05:43:50,302 INFO WebSocket event: {'event': 'heartbeat'}
2024-12-27 05:43:51,347 INFO WebSocket event: {'event': 'heartbeat'}
2024-12-27 05:43:52,348 INFO WebSocket event: {'event': 'heartbeat'}
2024-12-27 05:43:53,353 INFO WebSocket event: {'event': 'heartbeat'}
2024-12-27 05:43:54,353 INFO WebSocket event: {'event': 'heartbeat'}
2024-12-27 05:43:55,353 INFO WebSocket event: {'event': 'heartbeat'}
2024-12-27 05:43:56,354 INFO WebSocket event: {'event': 'heartbeat'}
2024-12-27 05:43:57,591 INFO WebSocket event: {'event': 'heartbeat'}
2024-12-27 05:43:58,589 INFO WebSocket event: {'event': 'heartbeat'}
2024-12-27 05:43:59,644 INFO WebSocket event: {'event': 'heartbeat'}
2024-12-27 05:44:00,647 INFO WebSocket event: {'event': 'heartbeat'}
2024-12-27 05:44:01,646 INFO WebSocket event: {'event': 'heartbeat'}
2024-12-27 05:44:02,689 INFO WebSocket event: {'event': 'heartbeat'}
2024-12-27 05:44:03,691 INFO WebSocket event: {'event': 'heartbeat'}
2024-12-27 05:44:04,757 INFO WebSocket event: {'event': 'heartbeat'}
2024-12-27 05:44:05,759 INFO WebSocket event: {'event': 'heartbeat'}
2024-12-27 05:44:06,757 INFO WebSocket event: {'event': 'heartbeat'}
2024-12-27 05:44:07,757 INFO WebSocket event: {'event': 'heartbeat'}
2024-12-27 05:44:08,757 INFO WebSocket event: {'event': 'heartbeat'}
2024-12-27 05:44:09,760 INFO WebSocket event: {'event': 'heartbeat'}
2024-12-27 05:44:10,762 INFO WebSocket event: {'event': 'heartbeat'}
2024-12-27 05:44:11,761 INFO WebSocket event: {'event': 'heartbeat'}
2024-12-27 05:44:12,761 INFO WebSocket event: {'event': 'heartbeat'}
2024-12-27 05:44:13,762 INFO WebSocket event: {'event': 'heartbeat'}
2024-12-27 05:44:14,762 INFO WebSocket event: {'event': 'heartbeat'}
2024-12-27 05:44:15,763 INFO WebSocket event: {'event': 'heartbeat'}
2024-12-27 05:44:16,765 INFO WebSocket event: {'event': 'heartbeat'}
2024-12-27 05:44:17,766 INFO WebSocket event: {'event': 'heartbeat'}
2024-12-27 05:44:18,766 INFO WebSocket event: {'event': 'heartbeat'}
2024-12-27 05:44:19,767 INFO WebSocket event: {'event': 'heartbeat'}
2024-12-27 05:44:20,768 INFO WebSocket event: {'event': 'heartbeat'}
2024-12-27 05:44:21,767 INFO WebSocket event: {'event': 'heartbeat'}
2024-12-27 05:44:22,768 INFO WebSocket event: {'event': 'heartbeat'}
2024-12-27 05:44:23,769 INFO WebSocket event: {'event': 'heartbeat'}
2024-12-27 05:44:24,770 INFO WebSocket event: {'event': 'heartbeat'}
2024-12-27 05:44:25,788 INFO WebSocket event: {'event': 'heartbeat'}
2024-12-27 05:44:26,787 INFO WebSocket event: {'event': 'heartbeat'}
2024-12-27 05:44:27,790 INFO WebSocket event: {'event': 'heartbeat'}
2024-12-27 05:44:28,787 INFO WebSocket event: {'event': 'heartbeat'}
2024-12-27 05:44:29,790 INFO WebSocket event: {'event': 'heartbeat'}
2024-12-27 05:44:30,790 INFO WebSocket event: {'event': 'heartbeat'}
2024-12-27 05:44:31,792 INFO WebSocket event: {'event': 'heartbeat'}
2024-12-27 05:44:32,794 INFO WebSocket event: {'event': 'heartbeat'}
2024-12-27 05:44:33,797 INFO WebSocket event: {'event': 'heartbeat'}
2024-12-27 05:44:34,819 INFO WebSocket event: {'event': 'heartbeat'}
2024-12-27 05:44:35,822 INFO WebSocket event: {'event': 'heartbeat'}
2024-12-27 05:44:36,820 INFO WebSocket event: {'event': 'heartbeat'}
2024-12-27 05:44:37,818 INFO WebSocket event: {'event': 'heartbeat'}
2024-12-27 05:44:38,820 INFO WebSocket event: {'event': 'heartbeat'}
2024-12-27 05:44:39,821 INFO WebSocket event: {'event': 'heartbeat'}
2024-12-27 05:44:40,828 INFO WebSocket event: {'event': 'heartbeat'}
2024-12-27 05:44:41,827 INFO WebSocket event: {'event': 'heartbeat'}
2024-12-27 05:44:42,826 INFO WebSocket event: {'event': 'heartbeat'}
2024-12-27 05:44:43,826 INFO WebSocket event: {'event': 'heartbeat'}
2024-12-27 05:44:44,826 INFO WebSocket event: {'event': 'heartbeat'}
2024-12-27 05:44:45,826 INFO WebSocket event: {'event': 'heartbeat'}
2024-12-27 05:44:46,049 ERROR API Error: ['EGeneral:Invalid arguments:volume minimum not met']
2024-12-27 05:44:46,050 INFO Order placed: {'error': ['EGeneral:Invalid arguments:volume minimum not met']}
2024-12-27 05:44:46,827 INFO WebSocket event: {'event': 'heartbeat'}
2024-12-27 05:44:47,844 INFO WebSocket event: {'event': 'heartbeat'}
2024-12-27 05:44:48,844 INFO WebSocket event: {'event': 'heartbeat'}
2024-12-27 05:44:49,844 INFO WebSocket event: {'event': 'heartbeat'}
2024-12-27 05:44:50,844 INFO WebSocket event: {'event': 'heartbeat'}
2024-12-27 05:44:51,845 INFO WebSocket event: {'event': 'heartbeat'}
2024-12-27 05:44:52,848 INFO WebSocket event: {'event': 'heartbeat'}
2024-12-27 05:44:53,847 INFO WebSocket event: {'event': 'heartbeat'}
2024-12-27 05:44:54,849 INFO WebSocket event: {'event': 'heartbeat'}
2024-12-27 05:44:55,849 INFO WebSocket event: {'event': 'heartbeat'}
2024-12-27 05:44:56,851 INFO WebSocket event: {'event': 'heartbeat'}
2024-12-27 05:44:57,849 INFO WebSocket event: {'event': 'heartbeat'}
2024-12-27 05:44:58,852 INFO WebSocket event: {'event': 'heartbeat'}
2024-12-27 05:44:59,857 INFO WebSocket event: {'event': 'heartbeat'}
2024-12-27 05:45:00,856 INFO WebSocket event: {'event': 'heartbeat'}
2024-12-27 05:45:01,857 INFO WebSocket event: {'event': 'heartbeat'}
2024-12-27 05:45:02,860 INFO WebSocket event: {'event': 'heartbeat'}
2024-12-27 05:45:03,865 INFO WebSocket event: {'event': 'heartbeat'}
2024-12-27 05:45:04,867 INFO WebSocket event: {'event': 'heartbeat'}
2024-12-27 05:45:05,867 INFO WebSocket event: {'event': 'heartbeat'}
2024-12-27 05:45:06,869 INFO WebSocket event: {'event': 'heartbeat'}
2024-12-27 05:45:07,872 INFO WebSocket event: {'event': 'heartbeat'}
2024-12-27 05:45:08,873 INFO WebSocket event: {'event': 'heartbeat'}
2024-12-27 05:45:09,916 INFO WebSocket event: {'event': 'heartbeat'}
2024-12-27 05:45:10,923 INFO WebSocket event: {'event': 'heartbeat'}
2024-12-27 05:45:11,957 INFO WebSocket event: {'event': 'heartbeat'}
2024-12-27 05:45:12,966 INFO WebSocket event: {'event': 'heartbeat'}
2024-12-27 05:45:13,967 INFO WebSocket event: {'event': 'heartbeat'}
2024-12-27 05:45:15,136 INFO WebSocket event: {'event': 'heartbeat'}
2024-12-27 05:45:16,141 INFO WebSocket event: {'event': 'heartbeat'}
2024-12-27 05:45:17,360 INFO WebSocket event: {'event': 'heartbeat'}
2024-12-27 05:45:18,361 INFO WebSocket event: {'event': 'heartbeat'}
2024-12-27 05:45:19,361 INFO WebSocket event: {'event': 'heartbeat'}
2024-12-27 05:45:20,363 INFO WebSocket event: {'event': 'heartbeat'}
2024-12-27 05:45:21,363 INFO WebSocket event: {'event': 'heartbeat'}
2024-12-27 05:45:22,363 INFO WebSocket event: {'event': 'heartbeat'}
2024-12-27 05:45:23,366 INFO WebSocket event: {'event': 'heartbeat'}
2024-12-27 05:45:24,365 INFO WebSocket event: {'event': 'heartbeat'}
2024-12-27 05:45:25,367 INFO WebSocket event: {'event': 'heartbeat'}
2024-12-27 05:45:26,376 INFO WebSocket event: {'event': 'heartbeat'}
2024-12-27 05:45:27,378 INFO WebSocket event: {'event': 'heartbeat'}
2024-12-27 05:45:28,378 INFO WebSocket event: {'event': 'heartbeat'}
2024-12-27 05:45:29,377 INFO WebSocket event: {'event': 'heartbeat'}
2024-12-27 05:45:30,379 INFO WebSocket event: {'event': 'heartbeat'}
2024-12-27 05:45:31,381 INFO WebSocket event: {'event': 'heartbeat'}
2024-12-27 05:45:32,382 INFO WebSocket event: {'event': 'heartbeat'}
2024-12-27 05:45:33,384 INFO WebSocket event: {'event': 'heartbeat'}
2024-12-27 05:45:34,386 INFO WebSocket event: {'event': 'heartbeat'}
2024-12-27 05:45:35,389 INFO WebSocket event: {'event': 'heartbeat'}
2024-12-27 05:45:36,389 INFO WebSocket event: {'event': 'heartbeat'}
2024-12-27 05:45:37,411 INFO WebSocket event: {'event': 'heartbeat'}
2024-12-27 05:45:38,410 INFO WebSocket event: {'event': 'heartbeat'}
2024-12-27 05:45:39,411 INFO WebSocket event: {'event': 'heartbeat'}
2024-12-27 05:45:40,413 INFO WebSocket event: {'event': 'heartbeat'}
2024-12-27 05:45:41,413 INFO WebSocket event: {'event': 'heartbeat'}
2024-12-27 05:45:42,416 INFO WebSocket event: {'event': 'heartbeat'}
2024-12-27 05:45:43,414 INFO WebSocket event: {'event': 'heartbeat'}
2024-12-27 05:45:44,788 INFO WebSocket event: {'event': 'heartbeat'}
2024-12-27 05:45:45,791 INFO WebSocket event: {'event': 'heartbeat'}
2024-12-27 05:45:46,516 ERROR API Error: ['EGeneral:Invalid arguments:volume minimum not met']
2024-12-27 05:45:46,516 INFO Order placed: {'error': ['EGeneral:Invalid arguments:volume minimum not met']}
2024-12-27 05:45:46,791 INFO WebSocket event: {'event': 'heartbeat'}
2024-12-27 05:45:47,791 INFO WebSocket event: {'event': 'heartbeat'}
2024-12-27 05:45:48,794 INFO WebSocket event: {'event': 'heartbeat'}
2024-12-27 05:45:49,794 INFO WebSocket event: {'event': 'heartbeat'}
2024-12-27 05:45:50,797 INFO WebSocket event: {'event': 'heartbeat'}
2024-12-27 05:45:51,794 INFO WebSocket event: {'event': 'heartbeat'}
2024-12-27 05:45:52,795 INFO WebSocket event: {'event': 'heartbeat'}
2024-12-27 05:45:53,799 INFO WebSocket event: {'event': 'heartbeat'}
2024-12-27 05:45:54,808 INFO WebSocket event: {'event': 'heartbeat'}
2024-12-27 05:45:55,807 INFO WebSocket event: {'event': 'heartbeat'}
2024-12-27 05:45:56,807 INFO WebSocket event: {'event': 'heartbeat'}
2024-12-27 05:45:57,865 INFO WebSocket event: {'event': 'heartbeat'}
2024-12-27 05:45:59,051 INFO WebSocket event: {'event': 'heartbeat'}
2024-12-27 05:46:00,053 INFO WebSocket event: {'event': 'heartbeat'}
2024-12-27 05:46:01,053 INFO WebSocket event: {'event': 'heartbeat'}
2024-12-27 05:46:02,054 INFO WebSocket event: {'event': 'heartbeat'}
2024-12-27 05:46:03,055 INFO WebSocket event: {'event': 'heartbeat'}
2024-12-27 05:46:04,056 INFO WebSocket event: {'event': 'heartbeat'}
2024-12-27 05:46:05,057 INFO WebSocket event: {'event': 'heartbeat'}
2024-12-27 05:46:06,059 INFO WebSocket event: {'event': 'heartbeat'}
2024-12-27 05:46:07,145 INFO WebSocket event: {'event': 'heartbeat'}
2024-12-27 05:46:08,144 INFO WebSocket event: {'event': 'heartbeat'}
2024-12-27 05:46:09,145 INFO WebSocket event: {'event': 'heartbeat'}
2024-12-27 05:46:10,145 INFO WebSocket event: {'event': 'heartbeat'}
2024-12-27 05:46:11,146 INFO WebSocket event: {'event': 'heartbeat'}
2024-12-27 05:46:12,147 INFO WebSocket event: {'event': 'heartbeat'}
2024-12-27 05:46:13,147 INFO WebSocket event: {'event': 'heartbeat'}
2024-12-27 05:46:14,148 INFO WebSocket event: {'event': 'heartbeat'}
2024-12-27 05:46:15,148 INFO WebSocket event: {'event': 'heartbeat'}
2024-12-27 05:46:16,658 INFO WebSocket event: {'event': 'heartbeat'}
2024-12-27 05:46:17,695 INFO WebSocket event: {'event': 'heartbeat'}
2024-12-27 05:46:18,698 INFO WebSocket event: {'event': 'heartbeat'}
2024-12-27 05:46:19,699 INFO WebSocket event: {'event': 'heartbeat'}
2024-12-27 05:46:20,701 INFO WebSocket event: {'event': 'heartbeat'}
2024-12-27 05:46:21,743 INFO WebSocket event: {'event': 'heartbeat'}
2024-12-27 05:46:22,743 INFO WebSocket event: {'event': 'heartbeat'}
2024-12-27 05:46:23,744 INFO WebSocket event: {'event': 'heartbeat'}
2024-12-27 05:46:24,744 INFO WebSocket event: {'event': 'heartbeat'}
2024-12-27 05:46:25,744 INFO WebSocket event: {'event': 'heartbeat'}
2024-12-27 05:46:26,746 INFO WebSocket event: {'event': 'heartbeat'}
2024-12-27 05:46:27,749 INFO WebSocket event: {'event': 'heartbeat'}
2024-12-27 05:46:28,751 INFO WebSocket event: {'event': 'heartbeat'}
2024-12-27 05:46:29,754 INFO WebSocket event: {'event': 'heartbeat'}
2024-12-27 05:46:30,756 INFO WebSocket event: {'event': 'heartbeat'}
2024-12-27 05:46:31,757 INFO WebSocket event: {'event': 'heartbeat'}
2024-12-27 05:46:32,758 INFO WebSocket event: {'event': 'heartbeat'}
2024-12-27 05:46:33,757 INFO WebSocket event: {'event': 'heartbeat'}
2024-12-27 05:46:34,760 INFO WebSocket event: {'event': 'heartbeat'}
2024-12-27 05:46:35,760 INFO WebSocket event: {'event': 'heartbeat'}
2024-12-27 05:46:36,666 INFO Stopping trading bot...
2024-12-27 05:46:36,893 INFO Bot stopped.
