2024-12-25 19:51:19 - INFO - Wallet balance:                 vol
SHIB  1553344.59003
XXRP            0.1
2024-12-25 19:51:19 - WARNING - Non-numeric balance for asset vol: SHIB    1553344.59003
XXRP              0.1
Name: vol, dtype: object
2024-12-25 20:00:18 - INFO - Wallet balance:                 vol
SHIB  1553344.59003
XXRP            0.1
2024-12-25 20:00:18 - WARNING - Non-numeric balance for asset vol: SHIB    1553344.59003
XXRP              0.1
Name: vol, dtype: object
2024-12-25 20:09:45 - INFO - Wallet balance:                 vol
SHIB  1553344.59003
XXRP            0.1
2024-12-25 20:17:32 - INFO - Wallet balance:                 vol
SHIB  1553344.59003
XXRP            0.1
2024-12-25 20:17:32 - WARNING - Non-numeric balance for asset vol: SHIB    1553344.59003
XXRP              0.1
Name: vol, dtype: object
2024-12-25 20:17:32 - INFO - Wallet balance:                 vol
SHIB  1553344.59003
XXRP            0.1
2024-12-25 20:17:32 - WARNING - Non-numeric balance for asset vol: SHIB    1553344.59003
XXRP              0.1
Name: vol, dtype: object
2024-12-25 20:17:32 - INFO - Wallet balance:                 vol
SHIB  1553344.59003
XXRP            0.1
2024-12-25 20:17:32 - WARNING - Non-numeric balance for asset vol: SHIB    1553344.59003
XXRP              0.1
Name: vol, dtype: object
2024-12-25 20:17:33 - INFO - Wallet balance:                 vol
SHIB  1553344.59003
XXRP            0.1
2024-12-25 20:17:33 - WARNING - Non-numeric balance for asset vol: SHIB    1553344.59003
XXRP              0.1
Name: vol, dtype: object
2024-12-25 20:17:33 - INFO - Wallet balance:                 vol
SHIB  1553344.59003
XXRP            0.1
2024-12-25 20:17:33 - WARNING - Non-numeric balance for asset vol: SHIB    1553344.59003
XXRP              0.1
Name: vol, dtype: object
2024-12-25 20:17:33 - INFO - Wallet balance:                 vol
SHIB  1553344.59003
XXRP            0.1
2024-12-25 20:17:33 - WARNING - Non-numeric balance for asset vol: SHIB    1553344.59003
XXRP              0.1
Name: vol, dtype: object
2024-12-25 20:17:33 - INFO - Wallet balance:                 vol
SHIB  1553344.59003
XXRP            0.1
2024-12-25 20:17:33 - WARNING - Non-numeric balance for asset vol: SHIB    1553344.59003
XXRP              0.1
Name: vol, dtype: object
2024-12-25 20:17:33 - INFO - Wallet balance:                 vol
SHIB  1553344.59003
XXRP            0.1
2024-12-25 20:17:33 - WARNING - Non-numeric balance for asset vol: SHIB    1553344.59003
XXRP              0.1
Name: vol, dtype: object
2024-12-25 20:17:34 - INFO - Wallet balance:                 vol
SHIB  1553344.59003
XXRP            0.1
2024-12-25 20:17:34 - WARNING - Non-numeric balance for asset vol: SHIB    1553344.59003
XXRP              0.1
Name: vol, dtype: object
2024-12-25 20:17:34 - INFO - Wallet balance:                 vol
SHIB  1553344.59003
XXRP            0.1
2024-12-25 20:17:34 - WARNING - Non-numeric balance for asset vol: SHIB    1553344.59003
XXRP              0.1
Name: vol, dtype: object
2024-12-25 20:17:34 - INFO - Wallet balance:                 vol
SHIB  1553344.59003
XXRP            0.1
2024-12-25 20:17:34 - WARNING - Non-numeric balance for asset vol: SHIB    1553344.59003
XXRP              0.1
Name: vol, dtype: object
2024-12-25 20:17:34 - INFO - Wallet balance:                 vol
SHIB  1553344.59003
XXRP            0.1
2024-12-25 20:17:34 - WARNING - Non-numeric balance for asset vol: SHIB    1553344.59003
XXRP              0.1
Name: vol, dtype: object
2024-12-25 20:17:34 - INFO - Wallet balance:                 vol
SHIB  1553344.59003
XXRP            0.1
2024-12-25 20:17:34 - WARNING - Non-numeric balance for asset vol: SHIB    1553344.59003
XXRP              0.1
Name: vol, dtype: object
2024-12-25 20:17:34 - INFO - Wallet balance:                 vol
SHIB  1553344.59003
XXRP            0.1
2024-12-25 20:17:34 - WARNING - Non-numeric balance for asset vol: SHIB    1553344.59003
XXRP              0.1
Name: vol, dtype: object
2024-12-25 20:17:35 - INFO - Wallet balance:                 vol
SHIB  1553344.59003
XXRP            0.1
2024-12-25 20:17:35 - WARNING - Non-numeric balance for asset vol: SHIB    1553344.59003
XXRP              0.1
Name: vol, dtype: object
2024-12-25 20:17:35 - INFO - Wallet balance:                 vol
SHIB  1553344.59003
XXRP            0.1
2024-12-25 20:17:35 - WARNING - Non-numeric balance for asset vol: SHIB    1553344.59003
XXRP              0.1
Name: vol, dtype: object
2024-12-25 20:17:35 - INFO - Wallet balance:                 vol
SHIB  1553344.59003
XXRP            0.1
2024-12-25 20:17:35 - WARNING - Non-numeric balance for asset vol: SHIB    1553344.59003
XXRP              0.1
Name: vol, dtype: object
2024-12-25 20:17:35 - INFO - Wallet balance:                 vol
SHIB  1553344.59003
XXRP            0.1
2024-12-25 20:17:35 - WARNING - Non-numeric balance for asset vol: SHIB    1553344.59003
XXRP              0.1
Name: vol, dtype: object
2024-12-25 20:17:35 - INFO - Wallet balance:                 vol
SHIB  1553344.59003
XXRP            0.1
2024-12-25 20:17:35 - WARNING - Non-numeric balance for asset vol: SHIB    1553344.59003
XXRP              0.1
Name: vol, dtype: object
2024-12-25 20:17:35 - INFO - Wallet balance:                 vol
SHIB  1553344.59003
XXRP            0.1
2024-12-25 20:17:35 - WARNING - Non-numeric balance for asset vol: SHIB    1553344.59003
XXRP              0.1
Name: vol, dtype: object
2024-12-25 20:17:41 - INFO - Wallet balance:                 vol
SHIB  1553344.59003
XXRP            0.1
2024-12-25 20:17:41 - WARNING - Non-numeric balance for asset vol: SHIB    1553344.59003
XXRP              0.1
Name: vol, dtype: object
2024-12-25 20:17:41 - INFO - Wallet balance:                 vol
SHIB  1553344.59003
XXRP            0.1
2024-12-25 20:17:41 - WARNING - Non-numeric balance for asset vol: SHIB    1553344.59003
XXRP              0.1
Name: vol, dtype: object
2024-12-25 20:17:46 - INFO - Wallet balance:                 vol
SHIB  1553344.59003
XXRP            0.1
2024-12-25 20:17:46 - WARNING - Non-numeric balance for asset vol: SHIB    1553344.59003
XXRP              0.1
Name: vol, dtype: object
2024-12-25 20:17:46 - INFO - Wallet balance:                 vol
SHIB  1553344.59003
XXRP            0.1
2024-12-25 20:17:46 - WARNING - Non-numeric balance for asset vol: SHIB    1553344.59003
XXRP              0.1
Name: vol, dtype: object
2024-12-25 20:17:51 - INFO - Wallet balance:                 vol
SHIB  1553344.59003
XXRP            0.1
2024-12-25 20:17:51 - WARNING - Non-numeric balance for asset vol: SHIB    1553344.59003
XXRP              0.1
Name: vol, dtype: object
2024-12-25 20:17:51 - INFO - Wallet balance:                 vol
SHIB  1553344.59003
XXRP            0.1
2024-12-25 20:17:51 - WARNING - Non-numeric balance for asset vol: SHIB    1553344.59003
XXRP              0.1
Name: vol, dtype: object
2024-12-25 20:17:57 - INFO - Wallet balance:                 vol
SHIB  1553344.59003
XXRP            0.1
2024-12-25 20:17:57 - WARNING - Non-numeric balance for asset vol: SHIB    1553344.59003
XXRP              0.1
Name: vol, dtype: object
2024-12-25 20:17:57 - INFO - Wallet balance:                 vol
SHIB  1553344.59003
XXRP            0.1
2024-12-25 20:17:57 - WARNING - Non-numeric balance for asset vol: SHIB    1553344.59003
XXRP              0.1
Name: vol, dtype: object
2024-12-25 20:18:02 - INFO - Wallet balance:                 vol
SHIB  1553344.59003
XXRP            0.1
2024-12-25 20:18:02 - WARNING - Non-numeric balance for asset vol: SHIB    1553344.59003
XXRP              0.1
Name: vol, dtype: object
2024-12-25 20:18:02 - INFO - Wallet balance:                 vol
SHIB  1553344.59003
XXRP            0.1
2024-12-25 20:18:02 - WARNING - Non-numeric balance for asset vol: SHIB    1553344.59003
XXRP              0.1
Name: vol, dtype: object
2024-12-25 20:22:45 - INFO - Wallet balance:                 vol
SHIB  1553344.59003
XXRP            0.1
2024-12-25 20:22:45 - WARNING - Non-numeric balance for asset vol: SHIB    1553344.59003
XXRP              0.1
Name: vol, dtype: object
2024-12-25 20:31:34 - INFO - Wallet balance:                 vol
SHIB  1553344.59003
XXRP            0.1
2024-12-25 20:31:34 - WARNING - Non-numeric balance for asset vol: SHIB    1553344.59003
XXRP              0.1
Name: vol, dtype: object
2024-12-25 20:32:40 - INFO - Wallet balance:                 vol
SHIB  1553344.59003
XXRP            0.1
2024-12-25 20:32:40 - WARNING - Non-numeric balance for asset vol: SHIB    1553344.59003
XXRP              0.1
Name: vol, dtype: object
2024-12-25 20:33:44 - INFO - Wallet balance:                 vol
SHIB  1553344.59003
XXRP            0.1
2024-12-25 20:33:44 - WARNING - Non-numeric balance for asset vol: SHIB    1553344.59003
XXRP              0.1
Name: vol, dtype: object
2024-12-25 20:34:57 - INFO - Wallet balance: {'vol': {'SHIB': 1553344.59003, 'XXRP': 0.1}}
2024-12-25 20:34:57 - WARNING - Non-numeric balance for asset vol: {'SHIB': 1553344.59003, 'XXRP': 0.1}
2024-12-25 20:36:19 - INFO - Wallet balance: {'vol': {'SHIB': 1553344.59003, 'XXRP': 0.1}}
2024-12-25 20:36:19 - ERROR - Error executing trade for SHIBUSD: ['EGeneral:Invalid arguments:volume minimum not met']
2024-12-25 20:38:52 - INFO - Wallet balance: {'vol': {'SHIB': 1553344.59003, 'XXRP': 0.1}}
2024-12-25 20:38:52 - ERROR - Error fetching minimum trade size for SHIBUSD: 'NoneType' object is not subscriptable
2024-12-25 20:38:52 - ERROR - Error fetching minimum trade size for XXRPUSD: 'NoneType' object is not subscriptable
2024-12-25 20:48:18 - INFO - Wallet balance: {'vol': {'SHIB': 1553344.59003, 'XXRP': 0.1}}
2024-12-25 20:48:18 - INFO - Asset info for XSHIBZUSD: None
2024-12-25 20:48:18 - ERROR - Error fetching minimum trade size for XSHIBZUSD: 'NoneType' object is not subscriptable
2024-12-25 20:48:18 - INFO - Asset info for XXXRPZUSD: None
2024-12-25 20:48:18 - ERROR - Error fetching minimum trade size for XXXRPZUSD: 'NoneType' object is not subscriptable
