2024-12-25 15:09:08,174 - INFO - Fetching historical data for ticker: SHIBUSD...
2024-12-25 15:09:10,459 - ERROR - Failed to get ticker 'SHIBUSD' reason: Expecting value: line 1 column 1 (char 0)
2024-12-25 15:09:11,338 - ERROR - 
1 Failed download:
2024-12-25 15:09:11,338 - ERROR - ['SHIBUSD']: YFPricesMissingError('$%ticker%: possibly delisted; no price data found  (period=5y) (Yahoo error = "No data found, symbol may be delisted")')
2024-12-25 15:09:11,341 - ERROR - No data available for SHIBUSD.
2024-12-25 15:09:11,341 - ERROR - An error occurred during simulation: No data available for SHIBUSD.
2024-12-25 15:13:02,488 - INFO - Fetching historical data for ticker: SHIBUSD...
2024-12-25 15:13:04,724 - ERROR - 
1 Failed download:
2024-12-25 15:13:04,724 - ERROR - ['SHIBUSD']: YFPricesMissingError('$%ticker%: possibly delisted; no price data found  (period=5y) (Yahoo error = "No data found, symbol may be delisted")')
2024-12-25 15:13:04,728 - ERROR - No data available for SHIBUSD.
2024-12-25 15:13:04,728 - ERROR - An error occurred during simulation: No data available for SHIBUSD.
2024-12-25 15:16:50,065 - INFO - Fetching historical data for ticker: SHIB/USD...
2024-12-25 15:16:50,697 - INFO - Successfully fetched 1567 rows for SHIB/USD.
2024-12-25 15:16:50,698 - INFO - Running Moving Average Crossover Strategy...
2024-12-25 15:16:50,703 - INFO - Strategy successfully implemented.
2024-12-25 15:16:50,703 - INFO - Starting trade simulation...
2024-12-25 15:16:50,704 - ERROR - An error occurred during simulation: The truth value of a Series is ambiguous. Use a.empty, a.bool(), a.item(), a.any() or a.all().
2024-12-25 15:47:32,064 - INFO - Fetching historical data for ticker: SHIB/USD...
2024-12-25 15:47:32,626 - INFO - Successfully fetched 1567 rows for SHIB/USD.
2024-12-25 15:47:32,627 - INFO - Running Moving Average Crossover Strategy...
2024-12-25 15:47:32,631 - INFO - Strategy successfully implemented.
2024-12-25 15:47:32,631 - INFO - Starting trade simulation...
2024-12-25 15:47:32,632 - ERROR - An error occurred during simulation: The truth value of a Series is ambiguous. Use a.empty, a.bool(), a.item(), a.any() or a.all().
2024-12-25 15:52:16,192 - INFO - Fetching historical data for ticker: SHIB/USD...
2024-12-25 15:52:16,723 - INFO - Successfully fetched 1567 rows for SHIB/USD.
2024-12-25 15:52:16,724 - INFO - Running Moving Average Crossover Strategy...
2024-12-25 15:52:16,728 - INFO - Strategy successfully implemented.
2024-12-25 15:52:16,728 - INFO - Starting trade simulation...
2024-12-25 15:52:16,729 - ERROR - An error occurred during simulation: The truth value of a Series is ambiguous. Use a.empty, a.bool(), a.item(), a.any() or a.all().
2024-12-25 16:19:00,982 - INFO - Fetching historical data for ticker: SHIB/USD...
2024-12-25 16:19:01,870 - INFO - Successfully fetched 1567 rows for SHIB/USD.
2024-12-25 16:19:01,871 - INFO - Running Moving Average Crossover Strategy...
2024-12-25 16:19:01,874 - INFO - Strategy successfully implemented.
2024-12-25 16:19:01,876 - INFO - Starting trade simulation...
2024-12-25 16:19:01,876 - ERROR - An error occurred during simulation: The truth value of a Series is ambiguous. Use a.empty, a.bool(), a.item(), a.any() or a.all().
2024-12-25 16:35:26,738 - INFO - Fetching historical data for ticker: SHIB/USD...
2024-12-25 16:35:27,533 - INFO - Successfully fetched 1567 rows for SHIB/USD.
2024-12-25 16:35:27,535 - INFO - Running Moving Average Crossover Strategy...
2024-12-25 16:35:27,539 - INFO - Strategy successfully implemented.
2024-12-25 16:35:27,539 - INFO - Starting trade simulation...
2024-12-25 16:35:27,540 - ERROR - An error occurred during simulation: The truth value of a Series is ambiguous. Use a.empty, a.bool(), a.item(), a.any() or a.all().
